Using pre-set license
Built from '2020.3/staging' branch; Version is '2020.3.4f1 (0abb6314276a) revision 703331'; Using compiler version '192528614'; Build Type 'Release'
OS: 'Windows 10 Home Single Language; OS build 18363.1500; Version 1909; 64bit' Language: 'en' Physical Memory: 8079 MB
BatchMode: 1, IsHumanControllingUs: 0, StartBugReporterOnCrash: 0, Is64bit: 1, IsPro: 0

 COMMAND LINE ARGUMENTS:
C:\Program Files\Unity\Hub\Editor\2019.4.2f1\Editor\Unity.exe
-adb2
-batchMode
-noUpm
-name
AssetImportWorker119
-projectPath
D:/UNITY PROJECTS/Cross War
-logFile
Logs/AssetImportWorker119.log
-srvPort
49965
Successfully changed project path to: D:/UNITY PROJECTS/Cross War
D:/UNITY PROJECTS/Cross War
Using Asset Import Pipeline V2.
Refreshing native plugins compatible for Editor in 279.70 ms, found 1 plugins.
Preloading 0 native plugins for Editor in 0.00 ms.
Initialize engine version: 2020.3.4f1 (0abb6314276a)
[Subsystems] Discovering subsystems at path C:/Program Files/Unity/Hub/Editor/2019.4.2f1/Editor/Data/Resources/UnitySubsystems
[Subsystems] Discovering subsystems at path D:/UNITY PROJECTS/Cross War/Assets
GfxDevice: creating device client; threaded=0
Direct3D:
    Version:  Direct3D 11.0 [level 11.1]
    Renderer: Intel(R) UHD Graphics 620 (ID=0x3ea0)
    Vendor:   
    VRAM:     4039 MB
    Driver:   26.20.100.7985
Initialize mono
Mono path[0] = 'C:/Program Files/Unity/Hub/Editor/2019.4.2f1/Editor/Data/Managed'
Mono path[1] = 'C:/Program Files/Unity/Hub/Editor/2019.4.2f1/Editor/Data/MonoBleedingEdge/lib/mono/unityjit'
Mono config path = 'C:/Program Files/Unity/Hub/Editor/2019.4.2f1/Editor/Data/MonoBleedingEdge/etc'
Using monoOptions --debugger-agent=transport=dt_socket,embedding=1,server=y,suspend=n,address=127.0.0.1:56344
Begin MonoManager ReloadAssembly
Registering precompiled unity dll's ...
Register platform support module: C:/Program Files/Unity/Hub/Editor/2019.4.2f1/Editor/Data/PlaybackEngines/WindowsStandaloneSupport/UnityEditor.WindowsStandalone.Extensions.dll
Registered in 0.005573 seconds.
Native extension for WindowsStandalone target not found
Refreshing native plugins compatible for Editor in 110.10 ms, found 1 plugins.
Preloading 0 native plugins for Editor in 0.00 ms.
Mono: successfully reloaded assembly
- Completed reload, in  4.671 seconds
Platform modules already initialized, skipping
Registering precompiled user dll's ...
Registered in 0.002057 seconds.
Begin MonoManager ReloadAssembly
Script error: OnCollisionEnter2D
This message parameter has to be of type: Collision2D
The message will be ignored.

Native extension for WindowsStandalone target not found
Refreshing native plugins compatible for Editor in 123.84 ms, found 1 plugins.
Preloading 0 native plugins for Editor in 0.00 ms.
Mono: successfully reloaded assembly
- Completed reload, in 15.540 seconds
Platform modules already initialized, skipping
========================================================================
Worker process is ready to serve import requests
Launched and connected shader compiler UnityShaderCompiler.exe after 0.93 seconds
Refreshing native plugins compatible for Editor in 1.92 ms, found 1 plugins.
Preloading 0 native plugins for Editor in 0.00 ms.
Unloading 2017 Unused Serialized files (Serialized files now loaded: 0)
System memory in use before: 94.1 MB.
System memory in use after: 94.0 MB.

Unloading 25 unused Assets to reduce memory usage. Loaded Objects now: 2462.
Total: 167.935600 ms (FindLiveObjects: 0.738100 ms CreateObjectMapping: 0.328500 ms MarkObjects: 151.557700 ms  DeleteObjects: 15.306000 ms)

========================================================================
Received Import Request.
  path: Assets/Scripts/HealthBar.cs
  artifactKey: Guid(d58fd2f4a8bcc134ba05be0d0d070960) Importer(815301076,1909f56bfc062723c751e8b465ee728b)
Start importing Assets/Scripts/HealthBar.cs using Guid(d58fd2f4a8bcc134ba05be0d0d070960) Importer(815301076,1909f56bfc062723c751e8b465ee728b)  -> (artifact id: '1ca38b1af7ced92c43b957f8f43e0ec6') in 0.266944 seconds
  Import took 0.305993 seconds .

========================================================================
Received Prepare
Registering precompiled user dll's ...
Registered in 0.001743 seconds.
Begin MonoManager ReloadAssembly
Native extension for WindowsStandalone target not found
Refreshing native plugins compatible for Editor in 0.88 ms, found 1 plugins.
Preloading 0 native plugins for Editor in 0.00 ms.
Mono: successfully reloaded assembly
- Completed reload, in  2.515 seconds
Platform modules already initialized, skipping
Script error: OnCollisionEnter2D
This message parameter has to be of type: Collision2D
The message will be ignored.

Switching build target platform(5) subTarget(0) extendedPlatform(0) -> platform(13) subTarget(537395200) extendedPlatform(0)
Refreshing native plugins compatible for Editor in 0.72 ms, found 1 plugins.
Preloading 0 native plugins for Editor in 0.00 ms.
Unloading 2000 Unused Serialized files (Serialized files now loaded: 0)
System memory in use before: 92.5 MB.
System memory in use after: 92.5 MB.

Unloading 13 unused Assets to reduce memory usage. Loaded Objects now: 2466.
Total: 5.791100 ms (FindLiveObjects: 0.425700 ms CreateObjectMapping: 0.124200 ms MarkObjects: 4.968900 ms  DeleteObjects: 0.269800 ms)

AssetImportParameters requested are different than current active one (requested -> active):
  custom:graphics/normal-map-encoding: 01000000000000000000000000000000 -> 02000000000000000000000000000000
========================================================================
Received Import Request.
  Time since last request: 163.172018 seconds.
  path: Assets/Scripts/HealthBar.cs
  artifactKey: Guid(d58fd2f4a8bcc134ba05be0d0d070960) Importer(815301076,1909f56bfc062723c751e8b465ee728b)
Start importing Assets/Scripts/HealthBar.cs using Guid(d58fd2f4a8bcc134ba05be0d0d070960) Importer(815301076,1909f56bfc062723c751e8b465ee728b)  -> (artifact id: '001bfb46183edbe862d6f28262db86eb') in 0.009091 seconds
  Import took 0.066804 seconds .

========================================================================
Received Import Request.
  Time since last request: 0.003746 seconds.
  path: Assets/Scripts/HealthBar.cs
  artifactKey: Guid(d58fd2f4a8bcc134ba05be0d0d070960) Importer(815301076,1909f56bfc062723c751e8b465ee728b)
Start importing Assets/Scripts/HealthBar.cs using Guid(d58fd2f4a8bcc134ba05be0d0d070960) Importer(815301076,1909f56bfc062723c751e8b465ee728b)  -> (artifact id: '001bfb46183edbe862d6f28262db86eb') in 0.002809 seconds
  Import took 0.008655 seconds .

========================================================================
Received Import Request.
  Time since last request: 471.996790 seconds.
  path: Assets/Scripts/EnemyController.cs
  artifactKey: Guid(37f7c49a7fbd04543b1278a240a44296) Importer(815301076,1909f56bfc062723c751e8b465ee728b)
Start importing Assets/Scripts/EnemyController.cs using Guid(37f7c49a7fbd04543b1278a240a44296) Importer(815301076,1909f56bfc062723c751e8b465ee728b)  -> (artifact id: 'b2268fdc0f0e68214f9725d2afaaafd2') in 0.008988 seconds
  Import took 0.027965 seconds .

========================================================================
Received Import Request.
  Time since last request: 0.002440 seconds.
  path: Assets/Scripts/EnemyController.cs
  artifactKey: Guid(37f7c49a7fbd04543b1278a240a44296) Importer(815301076,1909f56bfc062723c751e8b465ee728b)
Start importing Assets/Scripts/EnemyController.cs using Guid(37f7c49a7fbd04543b1278a240a44296) Importer(815301076,1909f56bfc062723c751e8b465ee728b)  -> (artifact id: 'b2268fdc0f0e68214f9725d2afaaafd2') in 0.011803 seconds
  Import took 0.024478 seconds .

========================================================================
Received Import Request.
  Time since last request: 287.681471 seconds.
  path: Assets/Scripts/Bullet.cs
  artifactKey: Guid(d9e1780da3204944ba953f1d6077a650) Importer(815301076,1909f56bfc062723c751e8b465ee728b)
Start importing Assets/Scripts/Bullet.cs using Guid(d9e1780da3204944ba953f1d6077a650) Importer(815301076,1909f56bfc062723c751e8b465ee728b)  -> (artifact id: 'a38a94ffa212dfa24c09543b6916e973') in 0.005761 seconds
  Import took 0.019406 seconds .

========================================================================
Received Import Request.
  Time since last request: 118.989664 seconds.
  path: Assets/Scripts/Bullet.cs
  artifactKey: Guid(d9e1780da3204944ba953f1d6077a650) Importer(815301076,1909f56bfc062723c751e8b465ee728b)
Start importing Assets/Scripts/Bullet.cs using Guid(d9e1780da3204944ba953f1d6077a650) Importer(815301076,1909f56bfc062723c751e8b465ee728b)  -> (artifact id: 'f29944ed88688bf35ab59c0a60b0cd74') in 0.004270 seconds
  Import took 0.030505 seconds .

========================================================================
Received Prepare
Registering precompiled user dll's ...
Registered in 0.001558 seconds.
Begin MonoManager ReloadAssembly
Native extension for WindowsStandalone target not found
Refreshing native plugins compatible for Editor in 1.18 ms, found 1 plugins.
Preloading 0 native plugins for Editor in 0.00 ms.
Mono: successfully reloaded assembly
- Completed reload, in  2.941 seconds
Platform modules already initialized, skipping
Script error: OnCollisionEnter2D
This message parameter has to be of type: Collision2D
The message will be ignored.

Switching build target platform(5) subTarget(0) extendedPlatform(0) -> platform(13) subTarget(537395200) extendedPlatform(0)
Refreshing native plugins compatible for Editor in 0.90 ms, found 1 plugins.
Preloading 0 native plugins for Editor in 0.00 ms.
Unloading 2000 Unused Serialized files (Serialized files now loaded: 0)
System memory in use before: 92.5 MB.
System memory in use after: 92.5 MB.

Unloading 13 unused Assets to reduce memory usage. Loaded Objects now: 2470.
Total: 5.713300 ms (FindLiveObjects: 0.640900 ms CreateObjectMapping: 0.275900 ms MarkObjects: 4.463400 ms  DeleteObjects: 0.330100 ms)

AssetImportParameters requested are different than current active one (requested -> active):
  custom:graphics/normal-map-encoding: 01000000000000000000000000000000 -> 02000000000000000000000000000000
========================================================================
Received Import Request.
  Time since last request: 1420.896829 seconds.
  path: Assets/Scripts/EnemyController.cs
  artifactKey: Guid(37f7c49a7fbd04543b1278a240a44296) Importer(815301076,1909f56bfc062723c751e8b465ee728b)
Start importing Assets/Scripts/EnemyController.cs using Guid(37f7c49a7fbd04543b1278a240a44296) Importer(815301076,1909f56bfc062723c751e8b465ee728b)  -> (artifact id: 'f9943b58c53286db040d81e310995be5') in 0.010729 seconds
  Import took 0.019173 seconds .

========================================================================
Received Import Request.
  Time since last request: 0.005884 seconds.
  path: Assets/Scripts/EnemyController.cs
  artifactKey: Guid(37f7c49a7fbd04543b1278a240a44296) Importer(815301076,1909f56bfc062723c751e8b465ee728b)
Start importing Assets/Scripts/EnemyController.cs using Guid(37f7c49a7fbd04543b1278a240a44296) Importer(815301076,1909f56bfc062723c751e8b465ee728b)  -> (artifact id: 'f9943b58c53286db040d81e310995be5') in 0.002941 seconds
  Import took 0.009139 seconds .

========================================================================
Received Prepare
Registering precompiled user dll's ...
Registered in 0.001027 seconds.
Begin MonoManager ReloadAssembly
Native extension for WindowsStandalone target not found
Refreshing native plugins compatible for Editor in 0.78 ms, found 1 plugins.
Preloading 0 native plugins for Editor in 0.00 ms.
Mono: successfully reloaded assembly
- Completed reload, in  2.737 seconds
Platform modules already initialized, skipping
Script error: OnCollisionEnter2D
This message parameter has to be of type: Collision2D
The message will be ignored.

Switching build target platform(5) subTarget(0) extendedPlatform(0) -> platform(13) subTarget(537395200) extendedPlatform(0)
Refreshing native plugins compatible for Editor in 0.73 ms, found 1 plugins.
Preloading 0 native plugins for Editor in 0.00 ms.
Unloading 2000 Unused Serialized files (Serialized files now loaded: 0)
System memory in use before: 92.6 MB.
System memory in use after: 92.5 MB.

Unloading 13 unused Assets to reduce memory usage. Loaded Objects now: 2474.
Total: 5.133500 ms (FindLiveObjects: 0.403300 ms CreateObjectMapping: 0.154500 ms MarkObjects: 4.083700 ms  DeleteObjects: 0.489300 ms)

AssetImportParameters requested are different than current active one (requested -> active):
  custom:graphics/normal-map-encoding: 01000000000000000000000000000000 -> 02000000000000000000000000000000
========================================================================
Received Import Request.
  Time since last request: 483.938736 seconds.
  path: Assets/Prefabs/Bullet.prefab
  artifactKey: Guid(b99b7003664eec84993378b3678ad802) Importer(815301076,1909f56bfc062723c751e8b465ee728b)
Start importing Assets/Prefabs/Bullet.prefab using Guid(b99b7003664eec84993378b3678ad802) Importer(815301076,1909f56bfc062723c751e8b465ee728b)  -> (artifact id: '8d6d2b4d07c91fdc8ca67c84f30a3d09') in 1.374107 seconds
  Import took 1.385282 seconds .

========================================================================
Received Import Request.
  Time since last request: 0.000664 seconds.
  path: Assets/Prefabs/Enemy.prefab
  artifactKey: Guid(4fa4b7076249a87458c1263e31a81e91) Importer(815301076,1909f56bfc062723c751e8b465ee728b)
Start importing Assets/Prefabs/Enemy.prefab using Guid(4fa4b7076249a87458c1263e31a81e91) Importer(815301076,1909f56bfc062723c751e8b465ee728b)  -> (artifact id: '8424b13b0254f893085bfc02633f6556') in 0.085023 seconds
  Import took 0.095421 seconds .

========================================================================
Received Import Request.
  Time since last request: 58.391275 seconds.
  path: Assets/Prefabs/Canvas.prefab
  artifactKey: Guid(37a36bdf3da2479499fa16dff5664fa7) Importer(815301076,1909f56bfc062723c751e8b465ee728b)
Start importing Assets/Prefabs/Canvas.prefab using Guid(37a36bdf3da2479499fa16dff5664fa7) Importer(815301076,1909f56bfc062723c751e8b465ee728b)  -> (artifact id: 'd6bba2df45d506b071b08de946ae2150') in 0.300167 seconds
  Import took 0.336559 seconds .

========================================================================
Received Import Request.
  Time since last request: 18.228378 seconds.
  path: Assets/Prefabs/Enemy.prefab
  artifactKey: Guid(4fa4b7076249a87458c1263e31a81e91) Importer(815301076,1909f56bfc062723c751e8b465ee728b)
Start importing Assets/Prefabs/Enemy.prefab using Guid(4fa4b7076249a87458c1263e31a81e91) Importer(815301076,1909f56bfc062723c751e8b465ee728b)  -> (artifact id: '64ec7b3ec2a03a4658973439abfdfd27') in 0.137180 seconds
  Import took 0.157407 seconds .

========================================================================
Received Import Request.
  Time since last request: 6.528467 seconds.
  path: Assets/ToonExplosion v1.0/Prefabs
  artifactKey: Guid(77831dc0ee8b73e4ba5fe0a3eab7de16) Importer(815301076,1909f56bfc062723c751e8b465ee728b)
Start importing Assets/ToonExplosion v1.0/Prefabs using Guid(77831dc0ee8b73e4ba5fe0a3eab7de16) Importer(815301076,1909f56bfc062723c751e8b465ee728b)  -> (artifact id: '72878c361bcd6a039d1889bb2a4bdba1') in 0.002936 seconds
  Import took 0.011665 seconds .

========================================================================
Received Import Request.
  Time since last request: 0.033090 seconds.
  path: Assets/ToonExplosion v1.0/Prefabs
  artifactKey: Guid(77831dc0ee8b73e4ba5fe0a3eab7de16) Importer(815301076,1909f56bfc062723c751e8b465ee728b)
Start importing Assets/ToonExplosion v1.0/Prefabs using Guid(77831dc0ee8b73e4ba5fe0a3eab7de16) Importer(815301076,1909f56bfc062723c751e8b465ee728b)  -> (artifact id: '72878c361bcd6a039d1889bb2a4bdba1') in 0.004907 seconds
  Import took 0.013862 seconds .

========================================================================
Received Import Request.
  Time since last request: 19.008542 seconds.
  path: Assets/Prefabs/Enemy.prefab
  artifactKey: Guid(4fa4b7076249a87458c1263e31a81e91) Importer(815301076,1909f56bfc062723c751e8b465ee728b)
Start importing Assets/Prefabs/Enemy.prefab using Guid(4fa4b7076249a87458c1263e31a81e91) Importer(815301076,1909f56bfc062723c751e8b465ee728b)  -> (artifact id: 'e81ab723a7699f50205ec7f14484a434') in 0.136602 seconds
  Import took 0.147339 seconds .

========================================================================
Received Prepare
Registering precompiled user dll's ...
Registered in 0.001641 seconds.
Begin MonoManager ReloadAssembly
Native extension for WindowsStandalone target not found
Refreshing native plugins compatible for Editor in 0.85 ms, found 1 plugins.
Preloading 0 native plugins for Editor in 0.00 ms.
Mono: successfully reloaded assembly
- Completed reload, in  2.783 seconds
Platform modules already initialized, skipping
Script error: OnCollisionEnter2D
This message parameter has to be of type: Collision2D
The message will be ignored.

Switching build target platform(5) subTarget(0) extendedPlatform(0) -> platform(13) subTarget(537395200) extendedPlatform(0)
Refreshing native plugins compatible for Editor in 1.08 ms, found 1 plugins.
Preloading 0 native plugins for Editor in 0.00 ms.
Unloading 2000 Unused Serialized files (Serialized files now loaded: 0)
System memory in use before: 95.6 MB.
System memory in use after: 95.6 MB.

Unloading 13 unused Assets to reduce memory usage. Loaded Objects now: 2485.
Total: 5.581400 ms (FindLiveObjects: 0.574500 ms CreateObjectMapping: 0.256900 ms MarkObjects: 4.531900 ms  DeleteObjects: 0.214600 ms)

AssetImportParameters requested are different than current active one (requested -> active):
  custom:graphics/normal-map-encoding: 01000000000000000000000000000000 -> 02000000000000000000000000000000
========================================================================
Received Import Request.
  Time since last request: 47.922078 seconds.
  path: Assets/Prefabs/Enemy.prefab
  artifactKey: Guid(4fa4b7076249a87458c1263e31a81e91) Importer(815301076,1909f56bfc062723c751e8b465ee728b)
Start importing Assets/Prefabs/Enemy.prefab using Guid(4fa4b7076249a87458c1263e31a81e91) Importer(815301076,1909f56bfc062723c751e8b465ee728b)  -> (artifact id: 'c32bfe54de2ce73d83be41329408cf65') in 0.208620 seconds
  Import took 0.219338 seconds .

========================================================================
Received Import Request.
  Time since last request: 10.728961 seconds.
  path: Assets/Prefabs/Slider.prefab
  artifactKey: Guid(d1096aa6c4e962645a2383265057b698) Importer(815301076,1909f56bfc062723c751e8b465ee728b)
Start importing Assets/Prefabs/Slider.prefab using Guid(d1096aa6c4e962645a2383265057b698) Importer(815301076,1909f56bfc062723c751e8b465ee728b)  -> (artifact id: 'a33dccf37fc7ea428a63ab93e9d4a305') in 0.063710 seconds
  Import took 0.071879 seconds .

========================================================================
Received Import Request.
  Time since last request: 52.110168 seconds.
  path: Assets/Prefabs/Canvas 1.prefab
  artifactKey: Guid(d090529ca915c284fa8ec142d43f0072) Importer(815301076,1909f56bfc062723c751e8b465ee728b)
Start importing Assets/Prefabs/Canvas 1.prefab using Guid(d090529ca915c284fa8ec142d43f0072) Importer(815301076,1909f56bfc062723c751e8b465ee728b)  -> (artifact id: '34eaf68da3b09d06fb8e534e21e62cf2') in 0.151374 seconds
  Import took 0.159379 seconds .

========================================================================
Received Import Request.
  Time since last request: 151.976605 seconds.
  path: Assets/Prefabs/Enemy.prefab
  artifactKey: Guid(4fa4b7076249a87458c1263e31a81e91) Importer(815301076,1909f56bfc062723c751e8b465ee728b)
Start importing Assets/Prefabs/Enemy.prefab using Guid(4fa4b7076249a87458c1263e31a81e91) Importer(815301076,1909f56bfc062723c751e8b465ee728b)  -> (artifact id: 'fa0c3b5f73e39bd69df885a9118d6f9c') in 0.038278 seconds
  Import took 0.046423 seconds .

========================================================================
Received Prepare
Registering precompiled user dll's ...
Registered in 0.001614 seconds.
Begin MonoManager ReloadAssembly
Native extension for WindowsStandalone target not found
Refreshing native plugins compatible for Editor in 0.91 ms, found 1 plugins.
Preloading 0 native plugins for Editor in 0.00 ms.
Mono: successfully reloaded assembly
- Completed reload, in  1.506 seconds
Platform modules already initialized, skipping
Script error: OnCollisionEnter2D
This message parameter has to be of type: Collision2D
The message will be ignored.

Switching build target platform(5) subTarget(0) extendedPlatform(0) -> platform(13) subTarget(537395200) extendedPlatform(0)
Refreshing native plugins compatible for Editor in 0.71 ms, found 1 plugins.
Preloading 0 native plugins for Editor in 0.00 ms.
Unloading 2000 Unused Serialized files (Serialized files now loaded: 0)
System memory in use before: 95.6 MB.
System memory in use after: 95.6 MB.

Unloading 13 unused Assets to reduce memory usage. Loaded Objects now: 2490.
Total: 3.496200 ms (FindLiveObjects: 0.387800 ms CreateObjectMapping: 0.127900 ms MarkObjects: 2.848000 ms  DeleteObjects: 0.130700 ms)

AssetImportParameters requested are different than current active one (requested -> active):
  custom:graphics/normal-map-encoding: 01000000000000000000000000000000 -> 02000000000000000000000000000000
========================================================================
Received Prepare
Registering precompiled user dll's ...
Registered in 0.001795 seconds.
Begin MonoManager ReloadAssembly
Native extension for WindowsStandalone target not found
Refreshing native plugins compatible for Editor in 1.09 ms, found 1 plugins.
Preloading 0 native plugins for Editor in 0.00 ms.
Mono: successfully reloaded assembly
- Completed reload, in  2.881 seconds
Platform modules already initialized, skipping
Script error: OnCollisionEnter2D
This message parameter has to be of type: Collision2D
The message will be ignored.

Switching build target platform(5) subTarget(0) extendedPlatform(0) -> platform(13) subTarget(537395200) extendedPlatform(0)
Refreshing native plugins compatible for Editor in 1.16 ms, found 1 plugins.
Preloading 0 native plugins for Editor in 0.00 ms.
Unloading 2000 Unused Serialized files (Serialized files now loaded: 0)
System memory in use before: 95.7 MB.
System memory in use after: 95.6 MB.

Unloading 13 unused Assets to reduce memory usage. Loaded Objects now: 2494.
Total: 3.975100 ms (FindLiveObjects: 0.303600 ms CreateObjectMapping: 0.117000 ms MarkObjects: 3.369000 ms  DeleteObjects: 0.183700 ms)

AssetImportParameters requested are different than current active one (requested -> active):
  custom:graphics/normal-map-encoding: 01000000000000000000000000000000 -> 02000000000000000000000000000000
========================================================================
Received Import Request.
  Time since last request: 130.647733 seconds.
  path: Assets/Prefabs/Canvas.prefab
  artifactKey: Guid(37a36bdf3da2479499fa16dff5664fa7) Importer(815301076,1909f56bfc062723c751e8b465ee728b)
Start importing Assets/Prefabs/Canvas.prefab using Guid(37a36bdf3da2479499fa16dff5664fa7) Importer(815301076,1909f56bfc062723c751e8b465ee728b)  -> (artifact id: 'a1f059aa4f4dad9846f015886c863132') in 0.363617 seconds
  Import took 0.374527 seconds .

========================================================================
Received Import Request.
  Time since last request: 20.489520 seconds.
  path: Assets/Prefabs/Enemy.prefab
  artifactKey: Guid(4fa4b7076249a87458c1263e31a81e91) Importer(815301076,1909f56bfc062723c751e8b465ee728b)
Start importing Assets/Prefabs/Enemy.prefab using Guid(4fa4b7076249a87458c1263e31a81e91) Importer(815301076,1909f56bfc062723c751e8b465ee728b)  -> (artifact id: '1dba42e4c2c43f42a0948ef9fe2a51fe') in 0.092749 seconds
  Import took 0.107067 seconds .

========================================================================
Received Prepare
Registering precompiled user dll's ...
Registered in 0.002401 seconds.
Begin MonoManager ReloadAssembly
Native extension for WindowsStandalone target not found
Refreshing native plugins compatible for Editor in 0.82 ms, found 1 plugins.
Preloading 0 native plugins for Editor in 0.00 ms.
Mono: successfully reloaded assembly
- Completed reload, in  2.677 seconds
Platform modules already initialized, skipping
Script error: OnCollisionEnter2D
This message parameter has to be of type: Collision2D
The message will be ignored.

Switching build target platform(5) subTarget(0) extendedPlatform(0) -> platform(13) subTarget(537395200) extendedPlatform(0)
Refreshing native plugins compatible for Editor in 1.16 ms, found 1 plugins.
Preloading 0 native plugins for Editor in 0.00 ms.
Unloading 2000 Unused Serialized files (Serialized files now loaded: 0)
System memory in use before: 95.7 MB.
System memory in use after: 95.7 MB.

Unloading 13 unused Assets to reduce memory usage. Loaded Objects now: 2499.
Total: 6.585500 ms (FindLiveObjects: 0.857000 ms CreateObjectMapping: 0.346700 ms MarkObjects: 5.081100 ms  DeleteObjects: 0.297800 ms)

AssetImportParameters requested are different than current active one (requested -> active):
  custom:graphics/normal-map-encoding: 01000000000000000000000000000000 -> 02000000000000000000000000000000
========================================================================
Received Import Request.
  Time since last request: 81.682787 seconds.
  path: Assets/Prefabs/Slider.prefab
  artifactKey: Guid(d1096aa6c4e962645a2383265057b698) Importer(815301076,1909f56bfc062723c751e8b465ee728b)
Start importing Assets/Prefabs/Slider.prefab using Guid(d1096aa6c4e962645a2383265057b698) Importer(815301076,1909f56bfc062723c751e8b465ee728b)  -> (artifact id: '4b67c78b4b52bf47787252d23f94d97d') in 0.123629 seconds
  Import took 0.136849 seconds .

========================================================================
Received Import Request.
  Time since last request: 175.863667 seconds.
  path: Assets/Prefabs/Enemy.prefab
  artifactKey: Guid(4fa4b7076249a87458c1263e31a81e91) Importer(815301076,1909f56bfc062723c751e8b465ee728b)
Start importing Assets/Prefabs/Enemy.prefab using Guid(4fa4b7076249a87458c1263e31a81e91) Importer(815301076,1909f56bfc062723c751e8b465ee728b)  -> (artifact id: 'dc447db0fc116c146e1f2aa6dbe3a309') in 0.125801 seconds
  Import took 0.140634 seconds .

========================================================================
Received Import Request.
  Time since last request: 0.002128 seconds.
  path: Assets/Prefabs/Enemy.prefab
  artifactKey: Guid(4fa4b7076249a87458c1263e31a81e91) Importer(815301076,1909f56bfc062723c751e8b465ee728b)
Start importing Assets/Prefabs/Enemy.prefab using Guid(4fa4b7076249a87458c1263e31a81e91) Importer(815301076,1909f56bfc062723c751e8b465ee728b)  -> (artifact id: 'dc447db0fc116c146e1f2aa6dbe3a309') in 0.087737 seconds
  Import took 0.099385 seconds .

========================================================================
Received Prepare
Registering precompiled user dll's ...
Registered in 0.002075 seconds.
Begin MonoManager ReloadAssembly
Native extension for WindowsStandalone target not found
Refreshing native plugins compatible for Editor in 1.21 ms, found 1 plugins.
Preloading 0 native plugins for Editor in 0.00 ms.
Mono: successfully reloaded assembly
- Completed reload, in  2.778 seconds
Platform modules already initialized, skipping
Script error: OnCollisionEnter2D
This message parameter has to be of type: Collision2D
The message will be ignored.

Switching build target platform(5) subTarget(0) extendedPlatform(0) -> platform(13) subTarget(537395200) extendedPlatform(0)
Refreshing native plugins compatible for Editor in 1.35 ms, found 1 plugins.
Preloading 0 native plugins for Editor in 0.00 ms.
Unloading 2000 Unused Serialized files (Serialized files now loaded: 0)
System memory in use before: 95.7 MB.
System memory in use after: 95.7 MB.

Unloading 13 unused Assets to reduce memory usage. Loaded Objects now: 2504.
Total: 4.623500 ms (FindLiveObjects: 0.429600 ms CreateObjectMapping: 0.124700 ms MarkObjects: 3.860800 ms  DeleteObjects: 0.203600 ms)

AssetImportParameters requested are different than current active one (requested -> active):
  custom:graphics/normal-map-encoding: 01000000000000000000000000000000 -> 02000000000000000000000000000000
========================================================================
Received Prepare
Registering precompiled user dll's ...
Registered in 0.001854 seconds.
Begin MonoManager ReloadAssembly
Native extension for WindowsStandalone target not found
Refreshing native plugins compatible for Editor in 1.23 ms, found 1 plugins.
Preloading 0 native plugins for Editor in 0.00 ms.
Mono: successfully reloaded assembly
- Completed reload, in  2.174 seconds
Platform modules already initialized, skipping
Script error: OnCollisionEnter2D
This message parameter has to be of type: Collision2D
The message will be ignored.

Switching build target platform(5) subTarget(0) extendedPlatform(0) -> platform(13) subTarget(537395200) extendedPlatform(0)
Refreshing native plugins compatible for Editor in 1.15 ms, found 1 plugins.
Preloading 0 native plugins for Editor in 0.00 ms.
Unloading 2000 Unused Serialized files (Serialized files now loaded: 0)
System memory in use before: 95.7 MB.
System memory in use after: 95.7 MB.

Unloading 13 unused Assets to reduce memory usage. Loaded Objects now: 2508.
Total: 6.062900 ms (FindLiveObjects: 0.539600 ms CreateObjectMapping: 0.231000 ms MarkObjects: 5.056600 ms  DeleteObjects: 0.232800 ms)

AssetImportParameters requested are different than current active one (requested -> active):
  custom:graphics/normal-map-encoding: 01000000000000000000000000000000 -> 02000000000000000000000000000000
========================================================================
Received Prepare
Registering precompiled user dll's ...
Registered in 0.000972 seconds.
Begin MonoManager ReloadAssembly
Native extension for WindowsStandalone target not found
Refreshing native plugins compatible for Editor in 0.81 ms, found 1 plugins.
Preloading 0 native plugins for Editor in 0.00 ms.
Mono: successfully reloaded assembly
- Completed reload, in  2.238 seconds
Platform modules already initialized, skipping
Script error: OnCollisionEnter2D
This message parameter has to be of type: Collision2D
The message will be ignored.

Switching build target platform(5) subTarget(0) extendedPlatform(0) -> platform(13) subTarget(537395200) extendedPlatform(0)
Refreshing native plugins compatible for Editor in 1.20 ms, found 1 plugins.
Preloading 0 native plugins for Editor in 0.00 ms.
Unloading 2000 Unused Serialized files (Serialized files now loaded: 0)
System memory in use before: 95.7 MB.
System memory in use after: 95.7 MB.

Unloading 13 unused Assets to reduce memory usage. Loaded Objects now: 2512.
Total: 5.776100 ms (FindLiveObjects: 0.530200 ms CreateObjectMapping: 0.234700 ms MarkObjects: 4.693100 ms  DeleteObjects: 0.315500 ms)

AssetImportParameters requested are different than current active one (requested -> active):
  custom:graphics/normal-map-encoding: 01000000000000000000000000000000 -> 02000000000000000000000000000000
========================================================================
Received Prepare
Registering precompiled user dll's ...
Registered in 0.001849 seconds.
Begin MonoManager ReloadAssembly
Native extension for WindowsStandalone target not found
Refreshing native plugins compatible for Editor in 1.19 ms, found 1 plugins.
Preloading 0 native plugins for Editor in 0.00 ms.
Mono: successfully reloaded assembly
- Completed reload, in  2.975 seconds
Platform modules already initialized, skipping
Script error: OnCollisionEnter2D
This message parameter has to be of type: Collision2D
The message will be ignored.

Switching build target platform(5) subTarget(0) extendedPlatform(0) -> platform(13) subTarget(537395200) extendedPlatform(0)
Refreshing native plugins compatible for Editor in 1.17 ms, found 1 plugins.
Preloading 0 native plugins for Editor in 0.00 ms.
Unloading 2000 Unused Serialized files (Serialized files now loaded: 0)
System memory in use before: 95.7 MB.
System memory in use after: 95.7 MB.

Unloading 13 unused Assets to reduce memory usage. Loaded Objects now: 2516.
Total: 10.783700 ms (FindLiveObjects: 0.955900 ms CreateObjectMapping: 0.397500 ms MarkObjects: 8.907000 ms  DeleteObjects: 0.519000 ms)

AssetImportParameters requested are different than current active one (requested -> active):
  custom:graphics/normal-map-encoding: 01000000000000000000000000000000 -> 02000000000000000000000000000000
========================================================================
Received Prepare
Registering precompiled user dll's ...
Registered in 0.001824 seconds.
Begin MonoManager ReloadAssembly
Native extension for WindowsStandalone target not found
Refreshing native plugins compatible for Editor in 0.85 ms, found 1 plugins.
Preloading 0 native plugins for Editor in 0.00 ms.
Mono: successfully reloaded assembly
- Completed reload, in  2.590 seconds
Platform modules already initialized, skipping
Script error: OnCollisionEnter2D
This message parameter has to be of type: Collision2D
The message will be ignored.

Switching build target platform(5) subTarget(0) extendedPlatform(0) -> platform(13) subTarget(537395200) extendedPlatform(0)
Refreshing native plugins compatible for Editor in 1.07 ms, found 1 plugins.
Preloading 0 native plugins for Editor in 0.00 ms.
Unloading 2000 Unused Serialized files (Serialized files now loaded: 0)
System memory in use before: 95.7 MB.
System memory in use after: 95.7 MB.

Unloading 13 unused Assets to reduce memory usage. Loaded Objects now: 2520.
Total: 5.936100 ms (FindLiveObjects: 0.362100 ms CreateObjectMapping: 0.140100 ms MarkObjects: 5.157700 ms  DeleteObjects: 0.273800 ms)

AssetImportParameters requested are different than current active one (requested -> active):
  custom:graphics/normal-map-encoding: 01000000000000000000000000000000 -> 02000000000000000000000000000000
========================================================================
Received Prepare
Registering precompiled user dll's ...
Registered in 0.002568 seconds.
Begin MonoManager ReloadAssembly
Native extension for WindowsStandalone target not found
Refreshing native plugins compatible for Editor in 0.84 ms, found 1 plugins.
Preloading 0 native plugins for Editor in 0.00 ms.
Mono: successfully reloaded assembly
- Completed reload, in  2.688 seconds
Platform modules already initialized, skipping
Script error: OnCollisionEnter2D
This message parameter has to be of type: Collision2D
The message will be ignored.

Switching build target platform(5) subTarget(0) extendedPlatform(0) -> platform(13) subTarget(537395200) extendedPlatform(0)
Refreshing native plugins compatible for Editor in 0.69 ms, found 1 plugins.
Preloading 0 native plugins for Editor in 0.00 ms.
Unloading 2000 Unused Serialized files (Serialized files now loaded: 0)
System memory in use before: 95.7 MB.
System memory in use after: 95.7 MB.

Unloading 13 unused Assets to reduce memory usage. Loaded Objects now: 2524.
Total: 5.899700 ms (FindLiveObjects: 0.368000 ms CreateObjectMapping: 0.194100 ms MarkObjects: 5.010500 ms  DeleteObjects: 0.323900 ms)

AssetImportParameters requested are different than current active one (requested -> active):
  custom:graphics/normal-map-encoding: 01000000000000000000000000000000 -> 02000000000000000000000000000000
========================================================================
Received Import Request.
  Time since last request: 747.694931 seconds.
  path: Assets/Prefabs/Enemy.prefab
  artifactKey: Guid(4fa4b7076249a87458c1263e31a81e91) Importer(815301076,1909f56bfc062723c751e8b465ee728b)
Start importing Assets/Prefabs/Enemy.prefab using Guid(4fa4b7076249a87458c1263e31a81e91) Importer(815301076,1909f56bfc062723c751e8b465ee728b)  -> (artifact id: 'bd7b6d7071763c414b922b76a4f8d569') in 0.159574 seconds
  Import took 0.167474 seconds .

========================================================================
Received Prepare
Registering precompiled user dll's ...
Registered in 0.001386 seconds.
Begin MonoManager ReloadAssembly
Native extension for WindowsStandalone target not found
Refreshing native plugins compatible for Editor in 0.61 ms, found 1 plugins.
Preloading 0 native plugins for Editor in 0.00 ms.
Mono: successfully reloaded assembly
- Completed reload, in  3.451 seconds
Platform modules already initialized, skipping
Script error: OnCollisionEnter2D
This message parameter has to be of type: Collision2D
The message will be ignored.

Switching build target platform(5) subTarget(0) extendedPlatform(0) -> platform(13) subTarget(537395200) extendedPlatform(0)
Refreshing native plugins compatible for Editor in 1.67 ms, found 1 plugins.
Preloading 0 native plugins for Editor in 0.00 ms.
Unloading 2000 Unused Serialized files (Serialized files now loaded: 0)
System memory in use before: 95.7 MB.
System memory in use after: 95.7 MB.

Unloading 13 unused Assets to reduce memory usage. Loaded Objects now: 2529.
Total: 11.536000 ms (FindLiveObjects: 0.383500 ms CreateObjectMapping: 0.198400 ms MarkObjects: 10.312500 ms  DeleteObjects: 0.633500 ms)

AssetImportParameters requested are different than current active one (requested -> active):
  custom:graphics/normal-map-encoding: 01000000000000000000000000000000 -> 02000000000000000000000000000000
