Using pre-set license
Built from '2020.3/staging' branch; Version is '2020.3.4f1 (0abb6314276a) revision 703331'; Using compiler version '192528614'; Build Type 'Release'
OS: 'Windows 10 Home Single Language; OS build 19042.928; Version 2009; 64bit' Language: 'en' Physical Memory: 8081 MB
BatchMode: 1, IsHumanControllingUs: 0, StartBugReporterOnCrash: 0, Is64bit: 1, IsPro: 0

 COMMAND LINE ARGUMENTS:
C:\Program Files\Unity\2020.3.4f1\Editor\Unity.exe
-adb2
-batchMode
-noUpm
-name
AssetImportWorker2
-projectPath
C:/Users/sansk/Documents/Cross-War-master
-logFile
Logs/AssetImportWorker2.log
-srvPort
58104
Successfully changed project path to: C:/Users/sansk/Documents/Cross-War-master
C:/Users/sansk/Documents/Cross-War-master
Using Asset Import Pipeline V2.
Refreshing native plugins compatible for Editor in 64.38 ms, found 1 plugins.
Preloading 0 native plugins for Editor in 0.00 ms.
Initialize engine version: 2020.3.4f1 (0abb6314276a)
[Subsystems] Discovering subsystems at path C:/Program Files/Unity/2020.3.4f1/Editor/Data/Resources/UnitySubsystems
[Subsystems] Discovering subsystems at path C:/Users/sansk/Documents/Cross-War-master/Assets
GfxDevice: creating device client; threaded=0
Direct3D:
    Version:  Direct3D 11.0 [level 11.0]
    Renderer: NVIDIA GeForce 940MX (ID=0x134d)
    Vendor:   
    VRAM:     2010 MB
    Driver:   27.21.14.5763
Initialize mono
Mono path[0] = 'C:/Program Files/Unity/2020.3.4f1/Editor/Data/Managed'
Mono path[1] = 'C:/Program Files/Unity/2020.3.4f1/Editor/Data/MonoBleedingEdge/lib/mono/unityjit'
Mono config path = 'C:/Program Files/Unity/2020.3.4f1/Editor/Data/MonoBleedingEdge/etc'
Using monoOptions --debugger-agent=transport=dt_socket,embedding=1,server=y,suspend=n,address=127.0.0.1:56812
Begin MonoManager ReloadAssembly
Registering precompiled unity dll's ...
Register platform support module: C:/Program Files/Unity/2020.3.4f1/Editor/Data/PlaybackEngines/WebGLSupport/UnityEditor.WebGL.Extensions.dll
Register platform support module: C:/Program Files/Unity/2020.3.4f1/Editor/Data/PlaybackEngines/MacStandaloneSupport/UnityEditor.OSXStandalone.Extensions.dll
Register platform support module: C:/Program Files/Unity/2020.3.4f1/Editor/Data/PlaybackEngines/WindowsStandaloneSupport/UnityEditor.WindowsStandalone.Extensions.dll
Registered in 0.005108 seconds.
Native extension for WindowsStandalone target not found
Native extension for OSXStandalone target not found
Native extension for WebGL target not found
Refreshing native plugins compatible for Editor in 84.27 ms, found 1 plugins.
Preloading 0 native plugins for Editor in 0.00 ms.
Mono: successfully reloaded assembly
- Completed reload, in 20.018 seconds
Platform modules already initialized, skipping
Registering precompiled user dll's ...
Registered in 0.001605 seconds.
Begin MonoManager ReloadAssembly
Native extension for WindowsStandalone target not found
Native extension for OSXStandalone target not found
Native extension for WebGL target not found
Refreshing native plugins compatible for Editor in 65.31 ms, found 1 plugins.
Preloading 0 native plugins for Editor in 0.00 ms.
Mono: successfully reloaded assembly
- Completed reload, in  1.832 seconds
Platform modules already initialized, skipping
========================================================================
Worker process is ready to serve import requests
Launched and connected shader compiler UnityShaderCompiler.exe after 0.11 seconds
Refreshing native plugins compatible for Editor in 0.47 ms, found 1 plugins.
Preloading 0 native plugins for Editor in 0.00 ms.
Unloading 1871 Unused Serialized files (Serialized files now loaded: 0)
System memory in use before: 88.6 MB.
System memory in use after: 88.6 MB.

Unloading 24 unused Assets to reduce memory usage. Loaded Objects now: 2317.
Total: 3.870400 ms (FindLiveObjects: 0.406100 ms CreateObjectMapping: 0.308300 ms MarkObjects: 2.981400 ms  DeleteObjects: 0.172900 ms)

========================================================================
Received Import Request.
  path: Assets/Animation/Enemy/Enemy.controller
  artifactKey: Guid(0623d7b3ff4cc81489519f5392b43655) Importer(815301076,1909f56bfc062723c751e8b465ee728b)
Start importing Assets/Animation/Enemy/Enemy.controller using Guid(0623d7b3ff4cc81489519f5392b43655) Importer(815301076,1909f56bfc062723c751e8b465ee728b)  -> (artifact id: '6a97e493fb895a05c7cbd7726469fbb1') in 0.069117 seconds
  Import took 0.075643 seconds .

========================================================================
Received Import Request.
  Time since last request: 251.730977 seconds.
  path: Assets/Animation/Enemy/Get Red.anim
  artifactKey: Guid(1e9879edcab69b24384f3ce249f623e3) Importer(815301076,1909f56bfc062723c751e8b465ee728b)
Start importing Assets/Animation/Enemy/Get Red.anim using Guid(1e9879edcab69b24384f3ce249f623e3) Importer(815301076,1909f56bfc062723c751e8b465ee728b)  -> (artifact id: 'fd8c48c41224e5ceb8773ad178cf4c62') in 0.018778 seconds
  Import took 0.025812 seconds .

========================================================================
Received Import Request.
  Time since last request: 0.003457 seconds.
  path: Assets/Animation/Enemy/Get Red.anim
  artifactKey: Guid(1e9879edcab69b24384f3ce249f623e3) Importer(815301076,1909f56bfc062723c751e8b465ee728b)
Start importing Assets/Animation/Enemy/Get Red.anim using Guid(1e9879edcab69b24384f3ce249f623e3) Importer(815301076,1909f56bfc062723c751e8b465ee728b)  -> (artifact id: 'fd8c48c41224e5ceb8773ad178cf4c62') in 0.013946 seconds
  Import took 0.020336 seconds .

========================================================================
Received Prepare
Registering precompiled user dll's ...
Registered in 0.002170 seconds.
Begin MonoManager ReloadAssembly
Native extension for WindowsStandalone target not found
Native extension for OSXStandalone target not found
Native extension for WebGL target not found
Refreshing native plugins compatible for Editor in 0.47 ms, found 1 plugins.
Preloading 0 native plugins for Editor in 0.00 ms.
Mono: successfully reloaded assembly
- Completed reload, in  1.580 seconds
Platform modules already initialized, skipping
Switching build target platform(5) subTarget(0) extendedPlatform(0) -> platform(13) subTarget(537395200) extendedPlatform(0)
Refreshing native plugins compatible for Editor in 0.50 ms, found 1 plugins.
Preloading 0 native plugins for Editor in 0.00 ms.
Unloading 1856 Unused Serialized files (Serialized files now loaded: 0)
System memory in use before: 87.2 MB.
System memory in use after: 87.2 MB.

Unloading 12 unused Assets to reduce memory usage. Loaded Objects now: 2321.
Total: 2.508200 ms (FindLiveObjects: 0.230300 ms CreateObjectMapping: 0.097700 ms MarkObjects: 2.045800 ms  DeleteObjects: 0.132900 ms)

AssetImportParameters requested are different than current active one (requested -> active):
  custom:graphics/normal-map-encoding: 01000000000000000000000000000000 -> 02000000000000000000000000000000
========================================================================
Received Prepare
Registering precompiled user dll's ...
Registered in 0.001519 seconds.
Begin MonoManager ReloadAssembly
Native extension for WindowsStandalone target not found
Native extension for OSXStandalone target not found
Native extension for WebGL target not found
Refreshing native plugins compatible for Editor in 0.42 ms, found 1 plugins.
Preloading 0 native plugins for Editor in 0.00 ms.
Mono: successfully reloaded assembly
- Completed reload, in  1.597 seconds
Platform modules already initialized, skipping
Switching build target platform(5) subTarget(0) extendedPlatform(0) -> platform(13) subTarget(537395200) extendedPlatform(0)
Refreshing native plugins compatible for Editor in 1.98 ms, found 1 plugins.
Preloading 0 native plugins for Editor in 0.00 ms.
Unloading 1856 Unused Serialized files (Serialized files now loaded: 0)
System memory in use before: 87.2 MB.
System memory in use after: 87.2 MB.

Unloading 12 unused Assets to reduce memory usage. Loaded Objects now: 2325.
Total: 3.901100 ms (FindLiveObjects: 0.361600 ms CreateObjectMapping: 0.110200 ms MarkObjects: 3.223300 ms  DeleteObjects: 0.204200 ms)

AssetImportParameters requested are different than current active one (requested -> active):
  custom:graphics/normal-map-encoding: 01000000000000000000000000000000 -> 02000000000000000000000000000000
========================================================================
Received Import Request.
  Time since last request: 294.949763 seconds.
  path: Assets/Animation/Enemy/White.anim
  artifactKey: Guid(f367e1ab1201e664b9b91ee5a8937eea) Importer(815301076,1909f56bfc062723c751e8b465ee728b)
Start importing Assets/Animation/Enemy/White.anim using Guid(f367e1ab1201e664b9b91ee5a8937eea) Importer(815301076,1909f56bfc062723c751e8b465ee728b)  -> (artifact id: 'fd3a115f418df313556c4c6ce4b143a9') in 0.040920 seconds
  Import took 0.049108 seconds .

========================================================================
Received Import Request.
  Time since last request: 0.002292 seconds.
  path: Assets/Animation/Enemy/White.anim
  artifactKey: Guid(f367e1ab1201e664b9b91ee5a8937eea) Importer(815301076,1909f56bfc062723c751e8b465ee728b)
Start importing Assets/Animation/Enemy/White.anim using Guid(f367e1ab1201e664b9b91ee5a8937eea) Importer(815301076,1909f56bfc062723c751e8b465ee728b)  -> (artifact id: 'fd3a115f418df313556c4c6ce4b143a9') in 0.018823 seconds
  Import took 0.026033 seconds .

========================================================================
Received Prepare
Registering precompiled user dll's ...
Registered in 0.001421 seconds.
Begin MonoManager ReloadAssembly
Native extension for WindowsStandalone target not found
Native extension for OSXStandalone target not found
Native extension for WebGL target not found
Refreshing native plugins compatible for Editor in 0.47 ms, found 1 plugins.
Preloading 0 native plugins for Editor in 0.00 ms.
Mono: successfully reloaded assembly
- Completed reload, in  1.601 seconds
Platform modules already initialized, skipping
Switching build target platform(5) subTarget(0) extendedPlatform(0) -> platform(13) subTarget(537395200) extendedPlatform(0)
Refreshing native plugins compatible for Editor in 0.40 ms, found 1 plugins.
Preloading 0 native plugins for Editor in 0.00 ms.
Unloading 1856 Unused Serialized files (Serialized files now loaded: 0)
System memory in use before: 87.3 MB.
System memory in use after: 87.2 MB.

Unloading 12 unused Assets to reduce memory usage. Loaded Objects now: 2329.
Total: 4.089400 ms (FindLiveObjects: 0.264100 ms CreateObjectMapping: 0.123500 ms MarkObjects: 3.525200 ms  DeleteObjects: 0.174600 ms)

AssetImportParameters requested are different than current active one (requested -> active):
  custom:graphics/normal-map-encoding: 01000000000000000000000000000000 -> 02000000000000000000000000000000
